[debug] [2024-03-09T10:39:29.874Z] ----------------------------------------------------------------------
[debug] [2024-03-09T10:39:29.878Z] Command:       C:\Program Files\nodejs\node.exe C:\Users\Nejc Frank\AppData\Roaming\npm\node_modules\firebase-tools\lib\bin\firebase.js init
[debug] [2024-03-09T10:39:29.879Z] CLI Version:   13.4.1
[debug] [2024-03-09T10:39:29.879Z] Platform:      win32
[debug] [2024-03-09T10:39:29.879Z] Node Version:  v20.11.1
[debug] [2024-03-09T10:39:29.879Z] Time:          Sat Mar 09 2024 11:39:29 GMT+0100 (Srednjeevropski standardni Äas)
[debug] [2024-03-09T10:39:29.879Z] ----------------------------------------------------------------------
[debug] 
[debug] [2024-03-09T10:39:29.885Z] > command requires scopes: ["email","openid","https://www.googleapis.com/auth/cloudplatformprojects.readonly","https://www.googleapis.com/auth/firebase","https://www.googleapis.com/auth/cloud-platform"]
[debug] [2024-03-09T10:39:29.885Z] > authorizing via signed-in user (nejc.fronk1@gmail.com)
[info] 
     ######## #### ########  ######## ########     ###     ######  ########
     ##        ##  ##     ## ##       ##     ##  ##   ##  ##       ##
     ######    ##  ########  ######   ########  #########  ######  ######
     ##        ##  ##    ##  ##       ##     ## ##     ##       ## ##
     ##       #### ##     ## ######## ########  ##     ##  ######  ########

You're about to initialize a Firebase project in this directory:

  C:\Users\Nejc Frank\Desktop\ReactFirebase

[info] 
=== Project Setup
[info] 
[info] First, let's associate this project directory with a Firebase project.
[info] You can create multiple project aliases by running firebase use --add, 
[info] but for now we'll just set up a default project.
[info] 
[debug] [2024-03-09T10:40:28.033Z] >>> [apiv2][query] GET https://firebase.googleapis.com/v1beta1/projects pageSize=100
[debug] [2024-03-09T10:40:28.567Z] <<< [apiv2][status] GET https://firebase.googleapis.com/v1beta1/projects 200
[debug] [2024-03-09T10:40:28.567Z] <<< [apiv2][body] GET https://firebase.googleapis.com/v1beta1/projects [omitted]
[info] i  Using project fir-course-46c72 (firebase-course) 
[info] 
=== Hosting Setup
[debug] [2024-03-09T10:40:41.559Z] >>> [apiv2][query] GET https://firebase.googleapis.com/v1beta1/projects/fir-course-46c72 [none]
[debug] [2024-03-09T10:40:41.873Z] <<< [apiv2][status] GET https://firebase.googleapis.com/v1beta1/projects/fir-course-46c72 200
[debug] [2024-03-09T10:40:41.874Z] <<< [apiv2][body] GET https://firebase.googleapis.com/v1beta1/projects/fir-course-46c72 {"projectId":"fir-course-46c72","projectNumber":"574149183657","displayName":"firebase-course","name":"projects/fir-course-46c72","resources":{"hostingSite":"fir-course-46c72","storageBucket":"fir-course-46c72.appspot.com","locationId":"europe-central2"},"state":"ACTIVE","etag":"1_d07ae218-cc96-464e-9246-f62ef197bee6"}
[info] 
[info] Your public directory is the folder (relative to your project directory) that
[info] will contain Hosting assets to be uploaded with firebase deploy. If you
[info] have a build process for your assets, use your build's output directory.
[info] 
[info] +  Wrote public/404.html 
[debug] [2024-03-09T10:41:48.506Z] >>> [apiv2][query] GET https://www.gstatic.com/firebasejs/releases.json [none]
[debug] [2024-03-09T10:41:48.658Z] <<< [apiv2][status] GET https://www.gstatic.com/firebasejs/releases.json 200
[debug] [2024-03-09T10:41:48.658Z] <<< [apiv2][body] GET https://www.gstatic.com/firebasejs/releases.json {"current":{"version":"10.8.1","browserURL":"https://www.gstatic.com/firebasejs/10.8.1/firebase.js","packageURL":"https://www.gstatic.com/firebasejs/10.8.1/firebase.tgz"},"live":{"version":"10.8","browserURL":"https://www.gstatic.com/firebasejs/live/10.8/firebase.js","packageURL":"https://www.gstatic.com/firebasejs/live/10.8/firebase.tgz"},"components":{"analytics":"https://www.gstatic.com/firebasejs/10.8.1/firebase-analytics.js","app":"https://www.gstatic.com/firebasejs/10.8.1/firebase-app.js","app-check":"https://www.gstatic.com/firebasejs/10.8.1/firebase-app-check.js","auth":"https://www.gstatic.com/firebasejs/10.8.1/firebase-auth.js","auth/cordova":"https://www.gstatic.com/firebasejs/10.8.1/firebase-auth/cordova.js","auth/web-extension":"https://www.gstatic.com/firebasejs/10.8.1/firebase-auth/web-extension.js","functions":"https://www.gstatic.com/firebasejs/10.8.1/firebase-functions.js","firestore":"https://www.gstatic.com/firebasejs/10.8.1/firebase-firestore.js","firestore/lite":"https://www.gstatic.com/firebasejs/10.8.1/firebase-firestore/lite.js","installations":"https://www.gstatic.com/firebasejs/10.8.1/firebase-installations.js","storage":"https://www.gstatic.com/firebasejs/10.8.1/firebase-storage.js","performance":"https://www.gstatic.com/firebasejs/10.8.1/firebase-performance.js","remote-config":"https://www.gstatic.com/firebasejs/10.8.1/firebase-remote-config.js","messaging":"https://www.gstatic.com/firebasejs/10.8.1/firebase-messaging.js","messaging/sw":"https://www.gstatic.com/firebasejs/10.8.1/firebase-messaging/sw.js","database":"https://www.gstatic.com/firebasejs/10.8.1/firebase-database.js","firestore.memory":"https://www.gstatic.com/firebasejs/10.8.1/firebase-firestore.memory.js"}}
[info] +  Wrote public/index.html 
[info] 
[info] i  Didn't detect a .git folder. Assuming C:\Users\Nejc Frank\Desktop\ReactFirebase is the project root. 
[info] i  Authorizing with GitHub to upload your service account to a GitHub repository's secrets store. 
[info] 
[info] Visit this URL on this device to log in:
[info] https://github.com/login/oauth/authorize?client_id=89cf50f02ac6aaed3484&state=971110002&redirect_uri=http%3A%2F%2Flocalhost%3A9005&scope=read%3Auser%20repo%20public_repo
[info] 
[info] Waiting for authentication...
[debug] [2024-03-09T10:41:59.255Z] >>> [apiv2][query] POST https://github.com/login/oauth/access_token [none]
[debug] [2024-03-09T10:41:59.256Z] >>> [apiv2][body] POST https://github.com/login/oauth/access_token [stream]
[debug] [2024-03-09T10:41:59.546Z] <<< [apiv2][status] POST https://github.com/login/oauth/access_token 200
[debug] [2024-03-09T10:41:59.546Z] <<< [apiv2][body] POST https://github.com/login/oauth/access_token {"access_token":"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","token_type":"bearer","scope":"read:user,repo"}
[debug] [2024-03-09T10:41:59.554Z] >>> [apiv2][query] GET https://api.github.com/user [none]
[debug] [2024-03-09T10:41:59.804Z] <<< [apiv2][status] GET https://api.github.com/user 200
[debug] [2024-03-09T10:41:59.804Z] <<< [apiv2][body] GET https://api.github.com/user {"login":"nejcfrank","id":75980046,"node_id":"MDQ6VXNlcjc1OTgwMDQ2","avatar_url":"https://avatars.githubusercontent.com/u/75980046?v=4","gravatar_id":"","url":"https://api.github.com/users/nejcfrank","html_url":"https://github.com/nejcfrank","followers_url":"https://api.github.com/users/nejcfrank/followers","following_url":"https://api.github.com/users/nejcfrank/following{/other_user}","gists_url":"https://api.github.com/users/nejcfrank/gists{/gist_id}","starred_url":"https://api.github.com/users/nejcfrank/starred{/owner}{/repo}","subscriptions_url":"https://api.github.com/users/nejcfrank/subscriptions","organizations_url":"https://api.github.com/users/nejcfrank/orgs","repos_url":"https://api.github.com/users/nejcfrank/repos","events_url":"https://api.github.com/users/nejcfrank/events{/privacy}","received_events_url":"https://api.github.com/users/nejcfrank/received_events","type":"User","site_admin":false,"name":null,"company":null,"blog":"","location":null,"email":null,"hireable":null,"bio":null,"twitter_username":null,"public_repos":0,"public_gists":0,"followers":0,"following":0,"created_at":"2020-12-14T10:24:26Z","updated_at":"2022-12-29T13:05:57Z","private_gists":0,"total_private_repos":0,"owned_private_repos":0,"disk_usage":0,"collaborators":0,"two_factor_authentication":false,"plan":{"name":"free","space":976562499,"collaborators":0,"private_repos":10000}}
[info] 
[info] +  Success! Logged into GitHub as nejcfrank 
[info] 
[debug] [2024-03-09T10:42:16.265Z] >>> [apiv2][query] GET https://api.github.com/repos//actions/secrets/public-key type=owner
[debug] [2024-03-09T10:42:16.482Z] <<< [apiv2][status] GET https://api.github.com/repos//actions/secrets/public-key 404
[debug] [2024-03-09T10:42:16.482Z] <<< [apiv2][body] GET https://api.github.com/repos//actions/secrets/public-key {"message":"Not Found","documentation_url":"https://docs.github.com/rest"}
[info] 
[info] 
[error] !  The provided authorization cannot be used with this repository. If this repository is in an organization, did you remember to grant access? 
[info] 
[info] i  Action required: Visit this URL to ensure access has been granted to the appropriate organization(s) for the Firebase CLI GitHub OAuth App: 
[info] https://github.com/settings/connections/applications/89cf50f02ac6aaed3484
[info] 
[debug] [2024-03-09T10:42:30.288Z] >>> [apiv2][query] GET https://api.github.com/repos//actions/secrets/public-key type=owner
[debug] [2024-03-09T10:42:30.499Z] <<< [apiv2][status] GET https://api.github.com/repos//actions/secrets/public-key 404
[debug] [2024-03-09T10:42:30.499Z] <<< [apiv2][body] GET https://api.github.com/repos//actions/secrets/public-key {"message":"Not Found","documentation_url":"https://docs.github.com/rest"}
[info] 
[info] 
[error] !  The provided authorization cannot be used with this repository. If this repository is in an organization, did you remember to grant access? 
[info] 
[info] i  Action required: Visit this URL to ensure access has been granted to the appropriate organization(s) for the Firebase CLI GitHub OAuth App: 
[info] https://github.com/settings/connections/applications/89cf50f02ac6aaed3484
[info] 
